#
# There is insufficient memory for the Java Runtime Environment to continue.
# Native memory allocation (mmap) failed to map 132120576 bytes for G1 virtual space
# Possible reasons:
#   The system is out of physical RAM or swap space
#   The process is running with CompressedOops enabled, and the Java Heap may be blocking the growth of the native heap
# Possible solutions:
#   Reduce memory load on the system
#   Increase physical memory or swap space
#   Check if swap backing store is full
#   Decrease Java heap size (-Xmx/-Xms)
#   Decrease number of Java threads
#   Decrease Java thread stack sizes (-Xss)
#   Set larger code cache with -XX:ReservedCodeCacheSize=
#   JVM is running with Unscaled Compressed Oops mode in which the Java heap is
#     placed in the first 4GB address space. The Java Heap base address is the
#     maximum limit for the native heap growth. Please use -XX:HeapBaseMinAddress
#     to set the Java Heap base and to place the Java Heap above 4GB virtual address.
# This output file may be truncated or incomplete.
#
#  Out of Memory Error (os_windows.cpp:3527), pid=11248, tid=19136
#
# JRE version:  (19.0.1+10) (build )
# Java VM: Java HotSpot(TM) 64-Bit Server VM (19.0.1+10-21, mixed mode, sharing, tiered, compressed oops, compressed class ptrs, g1 gc, windows-amd64)
# No core dump will be written. Minidumps are not enabled by default on client versions of Windows
#

---------------  S U M M A R Y ------------

Command Line: C:\Users\namit\AppData\Local\Temp\surefire5932240320542201085\surefirebooter-20240916194642576_3.jar C:\Users\namit\AppData\Local\Temp\surefire5932240320542201085 2024-09-16T19-46-42_470-jvmRun1 surefire-20240916194642576_1tmp surefire_0-20240916194642576_2tmp

Host: Intel(R) Core(TM) i3-10110U CPU @ 2.10GHz, 4 cores, 7G,  Windows 11 , 64 bit Build 22621 (10.0.22621.3958)
Time: Mon Sep 16 19:46:42 2024 India Standard Time elapsed time: 0.009731 seconds (0d 0h 0m 0s)

---------------  T H R E A D  ---------------

Current thread (0x000002b7dd0e2680):  JavaThread "Unknown thread" [_thread_in_vm, id=19136, stack(0x000000dcea400000,0x000000dcea500000)]

Stack: [0x000000dcea400000,0x000000dcea500000]
Native frames: (J=compiled Java code, j=interpreted, Vv=VM code, C=native code)
V  [jvm.dll+0x6ee8fa]
V  [jvm.dll+0x857a1e]
V  [jvm.dll+0x85940e]
V  [jvm.dll+0x859ac3]
V  [jvm.dll+0x28291f]
V  [jvm.dll+0x6eb6e9]
V  [jvm.dll+0x6e028a]
V  [jvm.dll+0x357136]
V  [jvm.dll+0x35eb96]
V  [jvm.dll+0x3b555e]
V  [jvm.dll+0x3b578f]
V  [jvm.dll+0x32c6ea]
V  [jvm.dll+0x32d59e]
V  [jvm.dll+0x821b20]
V  [jvm.dll+0x3c27c1]
V  [jvm.dll+0x8022f1]
V  [jvm.dll+0x44b30f]
V  [jvm.dll+0x44cc91]
C  [jli.dll+0x5287]
C  [ucrtbase.dll+0x29333]
C  [KERNEL32.DLL+0x1257d]
C  [ntdll.dll+0x5af28]


---------------  P R O C E S S  ---------------

Threads class SMR info:
_java_thread_list=0x00007ffe6c5dd048, length=0, elements={
}

Java Threads: ( => current thread )

Other Threads:
  0x000002b7dd142930 WorkerThread "GC Thread#0" [stack: 0x000000dcea500000,0x000000dcea600000] [id=5208]
  0x000002b7dd153440 ConcurrentGCThread "G1 Main Marker" [stack: 0x000000dcea600000,0x000000dcea700000] [id=7400]
  0x000002b7dd154520 WorkerThread "G1 Conc#0" [stack: 0x000000dcea700000,0x000000dcea800000] [id=14808]

[error occurred during error reporting (printing all threads), id 0xc0000005, EXCEPTION_ACCESS_VIOLATION (0xc0000005) at pc=0x00007ffe6bd9d127]

VM state: not at safepoint (not fully initialized)

VM Mutex/Monitor currently owned by a thread:  ([mutex/lock_event])
[0x000002b7dd0dd980] Heap_lock - owner thread: 0x000002b7dd0e2680

Heap address: 0x0000000082800000, size: 2008 MB, Compressed Oops mode: 32-bit

CDS archive(s) mapped at: [0x0000000000000000-0x0000000000000000-0x0000000000000000), size 0, SharedBaseAddress: 0x0000000800000000, ArchiveRelocationMode: 0.
Narrow klass base: 0x0000000000000000, Narrow klass shift: 0, Narrow klass range: 0x0

GC Precious Log:
 CardTable entry size: 512
 Card Set container configuration: InlinePtr #cards 5 size 8 Array Of Cards #cards 12 size 40 Howl #buckets 4 coarsen threshold 1843 Howl Bitmap #cards 512 size 80 coarsen threshold 460 Card regions per heap region 1 cards per card region 2048

Heap:
 garbage-first heap   total 0K, used 0K [0x0000000082800000, 0x0000000100000000)
  region size 1024K, 0 young (0K), 0 survivors (0K)

[error occurred during error reporting (printing heap information), id 0xc0000005, EXCEPTION_ACCESS_VIOLATION (0xc0000005) at pc=0x00007ffe6c1a6959]

GC Heap History (0 events):
No events

Dll operation events (1 events):
Event: 0.006 Loaded shared library C:\Program Files\Java\jdk-19\bin\java.dll

Deoptimization events (0 events):
No events

Classes loaded (0 events):
No events

Classes unloaded (0 events):
No events

Classes redefined (0 events):
No events

Internal exceptions (0 events):
No events

VM Operations (0 events):
No events

Events (0 events):
No events


Dynamic libraries:
0x00007ff74fed0000 - 0x00007ff74fee0000 	C:\Program Files\Java\jdk-19\bin\java.exe
0x00007fff00930000 - 0x00007fff00b47000 	C:\WINDOWS\SYSTEM32\ntdll.dll
0x00007ffeffde0000 - 0x00007ffeffea4000 	C:\WINDOWS\System32\KERNEL32.DLL
0x00007ffefdcd0000 - 0x00007ffefe07d000 	C:\WINDOWS\System32\KERNELBASE.dll
0x00007ffefe420000 - 0x00007ffefe531000 	C:\WINDOWS\System32\ucrtbase.dll
0x00007ffed3370000 - 0x00007ffed3388000 	C:\Program Files\Java\jdk-19\bin\jli.dll
0x00007ffed32b0000 - 0x00007ffed32cb000 	C:\Program Files\Java\jdk-19\bin\VCRUNTIME140.dll
0x00007ffefe980000 - 0x00007ffefea32000 	C:\WINDOWS\System32\ADVAPI32.dll
0x00007fff00510000 - 0x00007fff005b7000 	C:\WINDOWS\System32\msvcrt.dll
0x00007ffefe8c0000 - 0x00007ffefe969000 	C:\WINDOWS\System32\sechost.dll
0x00007ffefe120000 - 0x00007ffefe148000 	C:\WINDOWS\System32\bcrypt.dll
0x00007ffeffc40000 - 0x00007ffeffd54000 	C:\WINDOWS\System32\RPCRT4.dll
0x00007fff00350000 - 0x00007fff004fe000 	C:\WINDOWS\System32\USER32.dll
0x00007ffee48c0000 - 0x00007ffee4b53000 	C:\WINDOWS\WinSxS\amd64_microsoft.windows.common-controls_6595b64144ccf1df_6.0.22621.3672_none_2713b9d173822955\COMCTL32.dll
0x00007ffefe150000 - 0x00007ffefe176000 	C:\WINDOWS\System32\win32u.dll
0x00007ffeffeb0000 - 0x00007ffeffed9000 	C:\WINDOWS\System32\GDI32.dll
0x00007ffefe540000 - 0x00007ffefe659000 	C:\WINDOWS\System32\gdi32full.dll
0x00007ffef4ca0000 - 0x00007ffef4caa000 	C:\WINDOWS\SYSTEM32\VERSION.dll
0x00007ffefe080000 - 0x00007ffefe11a000 	C:\WINDOWS\System32\msvcp_win.dll
0x00007fff008b0000 - 0x00007fff008e1000 	C:\WINDOWS\System32\IMM32.DLL
0x00007ffef7ff0000 - 0x00007ffef7ffc000 	C:\Program Files\Java\jdk-19\bin\vcruntime140_1.dll
0x00007ffec8ff0000 - 0x00007ffec907e000 	C:\Program Files\Java\jdk-19\bin\msvcp140.dll
0x00007ffe6ba60000 - 0x00007ffe6c720000 	C:\Program Files\Java\jdk-19\bin\server\jvm.dll
0x00007ffef8190000 - 0x00007ffef81c4000 	C:\WINDOWS\SYSTEM32\WINMM.dll
0x00007ffef79c0000 - 0x00007ffef79c9000 	C:\WINDOWS\SYSTEM32\WSOCK32.dll
0x00007ffeffd60000 - 0x00007ffeffdd1000 	C:\WINDOWS\System32\WS2_32.dll
0x00007ffefcca0000 - 0x00007ffefccb8000 	C:\WINDOWS\SYSTEM32\kernel.appcore.dll
0x00007ffee5080000 - 0x00007ffee508a000 	C:\Program Files\Java\jdk-19\bin\jimage.dll
0x00007ffee8dd0000 - 0x00007ffee9002000 	C:\WINDOWS\SYSTEM32\DBGHELP.DLL
0x00007ffeffee0000 - 0x00007fff0026e000 	C:\WINDOWS\System32\combase.dll
0x00007fff00720000 - 0x00007fff007f7000 	C:\WINDOWS\System32\OLEAUT32.dll
0x00007ffec6480000 - 0x00007ffec64b2000 	C:\WINDOWS\SYSTEM32\dbgcore.DLL
0x00007ffefdc50000 - 0x00007ffefdccb000 	C:\WINDOWS\System32\bcryptPrimitives.dll
0x00007ffecb780000 - 0x00007ffecb7a6000 	C:\Program Files\Java\jdk-19\bin\java.dll

dbghelp: loaded successfully - version: 4.0.5 - missing functions: none
symbol engine: initialized successfully - sym options: 0x614 - pdb path: .;C:\Program Files\Java\jdk-19\bin;C:\WINDOWS\SYSTEM32;C:\WINDOWS\WinSxS\amd64_microsoft.windows.common-controls_6595b64144ccf1df_6.0.22621.3672_none_2713b9d173822955;C:\Program Files\Java\jdk-19\bin\server

VM Arguments:
java_command: C:\Users\namit\AppData\Local\Temp\surefire5932240320542201085\surefirebooter-20240916194642576_3.jar C:\Users\namit\AppData\Local\Temp\surefire5932240320542201085 2024-09-16T19-46-42_470-jvmRun1 surefire-20240916194642576_1tmp surefire_0-20240916194642576_2tmp
java_class_path (initial): C:\Users\namit\AppData\Local\Temp\surefire5932240320542201085\surefirebooter-20240916194642576_3.jar
Launcher Type: SUN_STANDARD

[Global flags]
     intx CICompilerCount                          = 3                                         {product} {ergonomic}
     uint ConcGCThreads                            = 1                                         {product} {ergonomic}
     uint G1ConcRefinementThreads                  = 4                                         {product} {ergonomic}
   size_t G1HeapRegionSize                         = 1048576                                   {product} {ergonomic}
    uintx GCDrainStackTargetSize                   = 64                                        {product} {ergonomic}
   size_t InitialHeapSize                          = 132120576                                 {product} {ergonomic}
   size_t MarkStackSize                            = 4194304                                   {product} {ergonomic}
   size_t MaxHeapSize                              = 2105540608                                {product} {ergonomic}
   size_t MinHeapDeltaBytes                        = 1048576                                   {product} {ergonomic}
   size_t MinHeapSize                              = 8388608                                   {product} {ergonomic}
    uintx NonNMethodCodeHeapSize                   = 5832780                                {pd product} {ergonomic}
    uintx NonProfiledCodeHeapSize                  = 122912730                              {pd product} {ergonomic}
    uintx ProfiledCodeHeapSize                     = 122912730                              {pd product} {ergonomic}
    uintx ReservedCodeCacheSize                    = 251658240                              {pd product} {ergonomic}
     bool SegmentedCodeCache                       = true                                      {product} {ergonomic}
   size_t SoftMaxHeapSize                          = 2105540608                             {manageable} {ergonomic}
     bool UseCompressedClassPointers               = true                           {product lp64_product} {ergonomic}
     bool UseCompressedOops                        = true                           {product lp64_product} {ergonomic}
     bool UseG1GC                                  = true                                      {product} {ergonomic}
     bool UseLargePagesIndividualAllocation        = false                                  {pd product} {ergonomic}

Logging:
Log output configuration:
 #0: stdout all=warning uptime,level,tags foldmultilines=false
 #1: stderr all=off uptime,level,tags foldmultilines=false

Environment Variables:
JAVA_HOME=C:\Program Files\Java\jdk-19
PATH=C:\Users\namit\.jenkins\tools\hudson.tasks.Maven_MavenInstallation\MyMaven/bin;C:\Program Files\Common Files\Oracle\Java\javapath;C:\oraclexe\app\oracle\product\11.2.0\server\bin;C:\WINDOWS\system32;C:\WINDOWS;C:\WINDOWS\System32\Wbem;C:\WINDOWS\System32\WindowsPowerShell\v1.0\;C:\WINDOWS\System32\OpenSSH\;C:\Program Files\apache-maven-3.9.3\bin;C:\Program Files\dotnet\;C:\Program Files\Java\jdk-19;C:\Program Files (x86)\Google\Chrome\Application;C:\Users\namit\AppData\Local\Microsoft\WindowsApps;C:\Users\namit\AppData\Local\GitHubDesktop\bin
USERNAME=namit
OS=Windows_NT
PROCESSOR_IDENTIFIER=Intel64 Family 6 Model 142 Stepping 12, GenuineIntel
TMP=C:\Users\namit\AppData\Local\Temp
TEMP=C:\Users\namit\AppData\Local\Temp



---------------  S Y S T E M  ---------------

OS:
 Windows 11 , 64 bit Build 22621 (10.0.22621.3958)
OS uptime: 0 days 1:52 hours

CPU: total 4 (initial active 4) (2 cores per cpu, 2 threads per core) family 6 model 142 stepping 12 microcode 0xf0, cx8, cmov, fxsr, ht, mmx, 3dnowpref, sse, sse2, sse3, ssse3, sse4.1, sse4.2, popcnt, lzcnt, tsc, tscinvbit, avx, avx2, aes, erms, clmul, bmi1, bmi2, adx, fma, vzeroupper, clflush, clflushopt, rdtscp

Memory: 4k page, system-wide physical 8026M (341M free)
TotalPageFile size 10074M (AvailPageFile size 59M)
current process WorkingSet (physical memory assigned to process): 11M, peak: 11M
current process commit charge ("private bytes"): 52M, peak: 178M

vm_info: Java HotSpot(TM) 64-Bit Server VM (19.0.1+10-21) for windows-amd64 JRE (19.0.1+10-21), built on 2022-09-14T12:45:06Z by "mach5one" with MS VC++ 17.1 (VS2022)

END.
